
Freescale HC12-Assembler 
(c) Copyright Freescale 1987-2010

 Abs. Rel.   Loc    Obj. code   Source line
 ---- ----   ------ ---------   -----------
    1    1                      ;/-------------------------------------------------------------------------------------------------\                                
    2    2                      ;| Keypad Subroutines                                                                              |
    3    3                      ;|-------------------------------------------------------------------------------------------------|
    4    4                      ;| HARDWARE DESCRIPTION                                                                            |
    5    5                      ;| Manufacturer:                                                                                   |
    6    6                      ;| Model Number:                                                                                   |
    7    7                      ;| Summary:                                                                                        |
    8    8                      ;| Pins Used:                                                                                      |
    9    9                      ;|                                                                                                 |
   10   10                      ;| SUBROUTINE DESCRIPTION                                                                          |
   11   11                      ;|                                                                                                 |  
   12   12                      ;\-------------------------------------------------------------------------------------------------/ 
   13   13                      ;
   14   14                                  INCLUDE 'derivative.inc' 
16680   15                                  XDEF  INITKEY, ISR_KEYPAD, LKEY_FLG, GETCHAR
16681   16                      
16682   17                      LIBRARY_RAM: SECTION                        
16683   18   000000             KEYREADY    DS.B  1                                       ; Key is ready to read
16684   19   000001             LCHARACTER  DS.B  1                                       ; Character captured from KP
16685   20   000002             LKEY_FLG    DS.B  1                                       ; Keypad Flag
16686   21                      
16687   22                      Lib_Keypad: SECTION
16688   23                      
16689   24                      
16690   25                      ; Equates
16691   26          0000 0032   KeypadPort  EQU   PORTK                                   ; Port which keypad is on
16692   27          0000 0033   KeypadDDR   EQU   DDRK                                    ; Port which keypad is on
16693   28          0000 0001   mKeypadA    EQU   mPORTK_PK0                              ; Data channel A from keypad
16694   29          0000 0002   mKeypadB    EQU   mPORTK_PK1                              ; Data channel B from keypad
16695   30          0000 0004   mKeypadC    EQU   mPORTK_PK2                              ; Data channel C from keypad
16696   31          0000 0008   mKeypadD    EQU   mPORTK_PK3                              ; Data channel D from keypad
16697   32          0000 0010   mKeypadE    EQU   mPORTK_PK4                              ; Data channel E from keypad
16698   33          0000 0020   mKeypadOE   EQU   mPORTK_PK5                              ; ~Output_enable from keypad
16699   34                      
16700   35          0000 0268   KWPort      EQU   PTJ                                     ; Key Wakeup Data Register
16701   36          0000 026A   KWDDR       EQU   DDRJ                                    ; Key Wakeup Data Direction Register
16702   37          0000 026E   KWIE        EQU   PIEJ                                    ; Key Wakeup Interrupt Enable Register
16703   38          0000 026F   KWIF        EQU   PIFJ                                    ; Key Wakeup Interrupt Flag Register
16704   39          0000 026C   KWPE        EQU   PERJ                                    ; Key Wakeup Pull Device Enable 
16705   40          0000 026D   KWPP        EQU   PPSJ                                    ; Key Wakeup Polarity Select
16706   41          0000 0080   mKeypadDA   EQU   mPTJ_PTJ7                               ; Key Wakeup pin               
16707   42                      
16708   43                      
16709   44                      INITKEY:
16710   45   000000 180B FFxx               movb  #$FF,LCHARACTER                         ; Clear Key
             000004 xx         
16711   46   000005 79xx xx                 clr   LKEY_FLG
16712   47                      
16713   48   000008 4C33 20                 bset  KeypadDDR,#mKeypadOE                    ; Set Keypad ~OE as an ouput     
16714   49   00000B 4D32 20                 bclr  KeypadPort,#mKeypadOE                   ; Set Keypad ~OE low to enable output
16715   50                                                                               
16716   51   00000E 4D33 01                 bclr  KeypadDDR,#mKeypadA                     ; Set Keypad Data A as an input
16717   52   000011 4D33 02                 bclr  KeypadDDR,#mKeypadB                     ; Set Keypad Data B as an input
16718   53   000014 4D33 04                 bclr  KeypadDDR,#mKeypadC                     ; Set Keypad Data C as an input
16719   54   000017 4D33 08                 bclr  KeypadDDR,#mKeypadD                     ; Set Keypad Data D as an input
16720   55   00001A 4D33 10                 bclr  KeypadDDR,#mKeypadE                     ; Set Keypad Data E as an input
16721   56                                  
16722   57   00001D 1C02 6C80               bset  KWPE,     #mKeypadDA                    ; Enable pull device on key wakeup
16723   58   000021 1D02 6D80               bclr  KWPP,     #mKeypadDA                    ; Set pull device to pull down
16724   59                                  
16725   60   000025 1D02 6A80               bclr  KWDDR,    #mKeypadDA                    ; Set Keypad DA as an input
16726   61   000029 180B FF02               movb  #$FF,     KWIF                          ; Clear keypad wakeup flag
             00002D 6F         
16727   62   00002E 1C02 6E80               bset  KWIE,     #mKeypadDA                    ; Set Keypad Interrupt enable for Data Available

Freescale HC12-Assembler 
(c) Copyright Freescale 1987-2010

 Abs. Rel.   Loc    Obj. code   Source line
 ---- ----   ------ ---------   -----------
16728   63   000032 10EF                    cli                                           ; Enable key-wake-up interrupt globally
16729   64                                  
16730   65   000034 3D                      rts
16731   66                                  
16732   67                                  
16733   68                      GETCHAR:    
16734   69   000035 F6xx xx                 ldab  LCHARACTER
16735   70   000038 C1FF                    cmpb  #$FF
16736   71   00003A 27F9                    beq   GETCHAR
16737   72   00003C 180B FFxx               movb  #$FF,LCHARACTER
             000040 xx         
16738   73   000041 79xx xx                 clr   LKEY_FLG
16739   74   000044 3D          EXIT:       rts       
16740   75                                  
16741   76                      
16742   77                      
16743   78                      ISR_KEYPAD:                      
16744   79   000045 9632                    ldaa  KeypadPort                              ; Read data from the keypad
16745   80   000047 841F                    anda  #%00011111                              ; Zero out first three bits
16746   81   000049 CExx xx                 ldx   #KEYPAD_TABLE                           ; Load x with address of keypad lookup table
16747   82   00004C 180D E4xx               movb  a,x,LCHARACTER                          ; Decode the keypress using the lookup table   
             000050 xx         
16748   83   000051 180B 01xx               movb  #$01,LKEY_FLG
             000055 xx         
16749   84   000056 1E02 6880               brset KWPort,#mKeypadDA, *                    ; Wait until the key is released             
             00005A FB         
16750   85   00005B 180B FF02               movb  #$FF,KWIF                               ; Clear keypad wakeup flag
             00005F 6F         
16751   86   000060 0B                      rti
16752   87                                  
16753   88                                  
16754   89                      KEYPAD_TABLE:
16755   90   000061 4338 3430               FCB   $43,$38,$34,$30,$44,$39,$35,$31,$45,$41,$36,$32,$46,$42,$37,$33,$0A,$08,$F2,$F1
             000065 4439 3531  
             000069 4541 3632  
             00006D 4642 3733  
             000071 0A08 F2F1  
