
Freescale HC12-Assembler 
(c) Copyright Freescale 1987-2010

 Abs. Rel.   Loc    Obj. code   Source line
 ---- ----   ------ ---------   -----------
    1    1                      ;**************************************************************************************
    2    2                      ;* Blank Project Main [includes LibV2.2]                                              *
    3    3                      ;**************************************************************************************
    4    4                      ;* Summary:                                                                           *
    5    5                      ;*   -                                                                                *
    6    6                      ;*                                                                                    *
    7    7                      ;* Author: YOUR NAME                                                                  *
    8    8                      ;*   Cal Poly University                                                              *
    9    9                      ;*   Spring 2022                                                                      *
   10   10                      ;*                                                                                    *
   11   11                      ;* Revision History:                                                                  *
   12   12                      ;*   -                                                                                *
   13   13                      ;*                                                                                    *
   14   14                      ;* ToDo:                                                                              *
   15   15                      ;*   -                                                                                *
   16   16                      ;**************************************************************************************
   17   17                      
   18   18                      ;/------------------------------------------------------------------------------------\
   19   19                      ;| Include all associated files                                                       |
   20   20                      ;\------------------------------------------------------------------------------------/
   21   21                      ; The following are external files to be included during assembly
   22   22                      
   23   23                      
   24   24                      ;/------------------------------------------------------------------------------------\
   25   25                      ;| External Definitions                                                               |
   26   26                      ;\------------------------------------------------------------------------------------/
   27   27                      ; All labels that are referenced by the linker need an external definition
   28   28                      
   29   29                                    XDEF  main
   30   30                      
   31   31                      ;/------------------------------------------------------------------------------------\
   32   32                      ;| External References                                                                |
   33   33                      ;\------------------------------------------------------------------------------------/
   34   34                      ; All labels from other files must have an external reference
   35   35                      
   36   36                                    XREF  ENABLE_MOTOR, DISABLE_MOTOR
   37   37                                    XREF  STARTUP_MOTOR, UPDATE_MOTOR, CURRENT_MOTOR
   38   38                                    XREF  STARTUP_PWM, STARTUP_ATD0, STARTUP_ATD1
   39   39                                    XREF  OUTDACA, OUTDACB
   40   40                                    XREF  STARTUP_ENCODER, READ_ENCODER
   41   41                                    XREF  INITLCD, SETADDR, GETADDR, CURSOR_ON, CURSOR_OFF, DISP_OFF
   42   42                                    XREF  OUTCHAR, OUTCHAR_AT, OUTSTRING, OUTSTRING_AT
   43   43                                    XREF  INITKEY, LKEY_FLG, GETCHAR
   44   44                                    XREF  LCDTEMPLATE, UPDATELCD_L1, UPDATELCD_L2
   45   45                                    XREF  LVREF_BUF, LVACT_BUF, LERR_BUF,LEFF_BUF, LKP_BUF, LKI_BUF
   46   46                                    XREF  Entry, ISR_KEYPAD
   47   47                                  
   48   48                      ;/------------------------------------------------------------------------------------\
   49   49                      ;| Assembler Equates                                                                  |
   50   50                      ;\------------------------------------------------------------------------------------/
   51   51                      ; Constant values can be equated here
   52   52                      
   53   53                      
   54   54                      
   55   55                      ;/------------------------------------------------------------------------------------\
   56   56                      ;| Variables in RAM                                                                   |
   57   57                      ;\------------------------------------------------------------------------------------/
   58   58                      ; The following variables are located in unpaged ram
   59   59                      
   60   60                      DEFAULT_RAM:  SECTION
   61   61   000000             ENCODER_COUNT DS.W 1
   62   62                      
   63   63                      
   64   64                      

Freescale HC12-Assembler 
(c) Copyright Freescale 1987-2010

 Abs. Rel.   Loc    Obj. code   Source line
 ---- ----   ------ ---------   -----------
   65   65                      ;/------------------------------------------------------------------------------------\
   66   66                      ;|  Main Program Code                                                                 |
   67   67                      ;\------------------------------------------------------------------------------------/
   68   68                      ; Your code goes here
   69   69                      
   70   70                      MyCode:       SECTION
   71   71                      main:   
   72   72   000000 16xx xx             jsr STARTUP_PWM
   73   73   000003 16xx xx             jsr STARTUP_MOTOR
   74   74   000006 16xx xx             jsr STARTUP_ENCODER
   75   75                              
   76   76                              
   77   77   000009 16xx xx             jsr ENABLE_MOTOR
   78   78   00000C 00                  bgnd
   79   79   00000D 1803 0000           movw #$0000, ENCODER_COUNT
             000011 xxxx       
   80   80                              ;bra main 
   81   81                              
   82   82                      spin:   
   83   83                              
   84   84                              
   85   85   000013 CC01 39             ldd #$0139
   86   86                              ;jsr UPDATE_MOTOR
   87   87   000016 16xx xx             jsr READ_ENCODER
   88   88   000019 7Cxx xx             std ENCODER_COUNT
   89   89   00001C 16xx xx             jsr OUTDACA
   90   90                              
   91   91                      ;        ldd #$FEC7
   92   92                       ;       jsr UPDATE_MOTOR
   93   93                        ;      jsr READ_ENCODER
   94   94                         ;     std ENCODER_COUNT
   95   95                          ;    jsr OUTDACA
   96   96                           ;   
   97   97                            ;  ldd #$8000
   98   98                             ; jsr UPDATE_MOTOR
   99   99                              ;jsr READ_ENCODER
  100  100                              ;std ENCODER_COUNT 
  101  101                              ;jsr OUTDACA
  102  102   00001F 20F2                bra   spin                     ; endless horizontal loop
  103  103                      
  104  104                      
  105  105                      ;/------------------------------------------------------------------------------------\
  106  106                      ;| Subroutines                                                                        |
  107  107                      ;\------------------------------------------------------------------------------------/
  108  108                      ; General purpose subroutines go here
  109  109                      
  110  110                      
  111  111                      ;/------------------------------------------------------------------------------------\
  112  112                      ;| ASCII Messages and Constant Data                                                   |
  113  113                      ;\------------------------------------------------------------------------------------/
  114  114                      ; Any constants can be defined here
  115  115                      
  116  116                      
  117  117                      ;/------------------------------------------------------------------------------------\
  118  118                      ;| Vectors                                                                            |
  119  119                      ;\------------------------------------------------------------------------------------/
  120  120                      ; Add interrupt and reset vectors here
  121  121                      
  122  122                              ORG   $FFFE                    ; reset vector address
  123  123  a00FFFE xxxx                DC.W  Entry
  124  124                      
