
Freescale HC12-Assembler 
(c) Copyright Freescale 1987-2010

 Abs. Rel.   Loc    Obj. code   Source line
 ---- ----   ------ ---------   -----------
    1    1                      ;**************************************************************************************
    2    2                      ;* Blank Project Main [includes LibV2.2]                                              *
    3    3                      ;**************************************************************************************
    4    4                      ;* Summary:                                                                           *
    5    5                      ;*   -                                                                                *
    6    6                      ;*                                                                                    *
    7    7                      ;* Author: JULIA FAY AND AIDAN TAYLOR                                                 *
    8    8                      ;*   Cal Poly University                                                              *
    9    9                      ;*   FALL 2023                                                                        *
   10   10                      ;*                                                                                    *
   11   11                      ;* Revision History:1                                                                 *
   12   12                      ;*   -                                                                                *
   13   13                      ;*                                                                                    *
   14   14                      ;* ToDo:                                                                              *
   15   15                      ;*   -                                                                                *
   16   16                      ;**************************************************************************************
   17   17                      
   18   18                      ;/------------------------------------------------------------------------------------\
   19   19                      ;| Include all associated files                                                       |
   20   20                      ;\------------------------------------------------------------------------------------/
   21   21                      ; The following are external files to be included during assembly
   22   22                      
   23   23                      
   24   24                      ;/------------------------------------------------------------------------------------\
   25   25                      ;| External Definitions                                                               |
   26   26                      ;\------------------------------------------------------------------------------------/
   27   27                      ; All labels that are referenced by the linker need an external definition
   28   28                      
   29   29                                    XDEF  main
   30   30                      
   31   31                      ;/------------------------------------------------------------------------------------\
   32   32                      ;| External References                                                                |
   33   33                      ;\------------------------------------------------------------------------------------/
   34   34                      ; All labels from other files must have an external reference
   35   35                      
   36   36                                    XREF  ENABLE_MOTOR, DISABLE_MOTOR
   37   37                                    XREF  STARTUP_MOTOR, UPDATE_MOTOR, CURRENT_MOTOR
   38   38                                    XREF  STARTUP_PWM, STARTUP_ATD0, STARTUP_ATD1
   39   39                                    XREF  OUTDACA, OUTDACB
   40   40                                    XREF  STARTUP_ENCODER, READ_ENCODER
   41   41                                    XREF  INITLCD, SETADDR, GETADDR, CURSOR_ON, CURSOR_OFF, DISP_OFF
   42   42                                    XREF  OUTCHAR, OUTCHAR_AT, OUTSTRING, OUTSTRING_AT
   43   43                                    XREF  INITKEY, LKEY_FLG, GETCHAR
   44   44                                    XREF  LCDTEMPLATE, UPDATELCD_L1, UPDATELCD_L2
   45   45                                    XREF  LVREF_BUF, LVACT_BUF, LERR_BUF,LEFF_BUF, LKP_BUF, LKI_BUF
   46   46                                    XREF  Entry, ISR_KEYPAD
   47   47                                  
   48   48                      ;/------------------------------------------------------------------------------------\
   49   49                      ;| Assembler Equates                                                                  |
   50   50                      ;\------------------------------------------------------------------------------------/
   51   51                      ; Constant values can be equated here
   52   52                      
   53   53          0000 0240   PORTT EQU $0240 ; input port for DELAY_CNT
   54   54          0000 0242   DDRT EQU $0242
   55   55          0000 0258   PORTP EQU $0258 ; output port for driving LEDs
   56   56          0000 025A   DDRP EQU $025A
   57   57          0000 0030   LED_MSK EQU %00110000 ; LED output pins
   58   58          0000 0010   G_LED EQU %00010000 ; green LED output pin
   59   59          0000 0020   R_LED EQU %00100000 ; red LED output pin
   60   60                      
   61   61                      
   62   62                      ;/------------------------------------------------------------------------------------\
   63   63                      ;| Variables in RAM                                                                   |
   64   64                      ;\------------------------------------------------------------------------------------/

Freescale HC12-Assembler 
(c) Copyright Freescale 1987-2010

 Abs. Rel.   Loc    Obj. code   Source line
 ---- ----   ------ ---------   -----------
   65   65                      ; The following variables are located in unpaged ram
   66   66                      
   67   67                      DEFAULT_RAM: SECTION
   68   68   000000             DELAY_CNT DS.B 1
   69   69                      
   70   70                      
   71   71                      ;/------------------------------------------------------------------------------------\
   72   72                      ;|  Main Program Code                                                                 |
   73   73                      ;\------------------------------------------------------------------------------------/
   74   74                      ; Your code goes here
   75   75                      
   76   76                      MyCode:       SECTION
   77   77                      
   78   78   000000 16xx xx     main: jsr SETUP ; jump to SETUP subroutine
   79   79                            
   80   80                            
   81   81                            
   82   82   000003 1C02 5810   test: bset PORTP, G_LED
   83   83   000007 16xx xx           jsr DELAY
   84   84   00000A 1D02 5810         bclr PORTP, G_LED
   85   85   00000E 16xx xx           jsr DELAY
   86   86   000011 1C02 5820         bset PORTP, R_LED
   87   87   000015 16xx xx           jsr DELAY
   88   88   000018 1D02 5820         bclr PORTP, R_LED
   89   89   00001C 16xx xx           jsr DELAY
   90   90   00001F 1C02 5810         bset PORTP, G_LED
   91   91   000023 1C02 5820         bset PORTP, R_LED
   92   92   000027 16xx xx           jsr DELAY
   93   93   00002A 1D02 5810         bclr PORTP, G_LED
   94   94   00002E 1D02 5820         bclr PORTP, R_LED
   95   95   000032 16xx xx           jsr DELAY
   96   96   000035 20CC              bra test
   97   97                      
   98   98                      
   99   99                      ;/------------------------------------------------------------------------------------\
  100  100                      ;| Subroutines                                                                        |
  101  101                      ;\------------------------------------------------------------------------------------/
  102  102                      ; General purpose subroutines go here
  103  103                      
  104  104                      ;-----------Delay-----------------------------------------------------------------
  105  105                      DELAY:
  106  106   000037 B602 40       ldaa PORTT ; (3) load 8-bit DELAY_CNT from PORTT
  107  107   00003A 7Axx xx       staa DELAY_CNT ; (3)
  108  108                      OUTER: ; outer loop
  109  109   00003D B6xx xx       ldaa DELAY_CNT ; (3)
  110  110   000040 8100          cmpa #0 ; (1)
  111  111   000042 2717          beq EXIT ; (1)
  112  112   000044 73xx xx       dec DELAY_CNT ; (4)
  113  113   000047 CE00 05       ldx #$0005 ; (2)
  114  114                      MIDDLE: ; middle loop
  115  115   00004A 8E00 00       cpx #0 ; (2)
  116  116   00004D 27EE          beq OUTER ; (1)
  117  117   00004F 09            dex ; (1)
  118  118   000050 CD77 10       ldy #$7710 ; (2)
  119  119                      INNER: ; inner loop
  120  120   000053 8D00 00       cpy #0 ; (2)
  121  121   000056 27F2          beq MIDDLE ; (1)
  122  122   000058 03            dey ; (1)
  123  123   000059 20F8          bra INNER ; (3)
  124  124                      EXIT:
  125  125   00005B 3D            rts ; (5) exit DELAY
  126  126                        
  127  127                      SETUP:
  128  128                        ; setup IO ports

Freescale HC12-Assembler 
(c) Copyright Freescale 1987-2010

 Abs. Rel.   Loc    Obj. code   Source line
 ---- ----   ------ ---------   -----------
  129  129   00005C 7902 42       clr DDRT ; set PORTT to input
  130  130   00005F 1D02 5830     bclr PORTP, LED_MSK ; initialize LEDs to off
  131  131   000063 1C02 5A30     bset DDRP,LED_MSK ; set LED pins to output
  132  132   000067 3D            rts ; exit SETUP
  133  133                      
  134  134                      
  135  135                      ;/------------------------------------------------------------------------------------\
  136  136                      ;| ASCII Messages and Constant Data                                                   |
  137  137                      ;\------------------------------------------------------------------------------------/
  138  138                      ; Any constants can be defined here
  139  139                      
  140  140                      
  141  141                      ;/------------------------------------------------------------------------------------\
  142  142                      ;| Vectors                                                                            |
  143  143                      ;\------------------------------------------------------------------------------------/
  144  144                      ; Add interrupt and reset vectors here
  145  145                      
  146  146                              ORG   $FFFE                    ; reset vector address
  147  147  a00FFFE xxxx                DC.W  Entry
  148  148                      
