
Freescale HC12-Assembler 
(c) Copyright Freescale 1987-2010

 Abs. Rel.   Loc    Obj. code   Source line
 ---- ----   ------ ---------   -----------
    1    1                      ;**************************************************************************************
    2    2                      ;* PS4 main [includes LibV2.2]                                                        *
    3    3                      ;**************************************************************************************
    4    4                      ;* Summary:                                                                           *
    5    5                      ;*   Code for ME 305 PS4                                                              *
    6    6                      ;*                                                                                    *
    7    7                      ;* Author: Aiden Taylor                                                               *
    8    8                      ;*   Cal Poly University                                                              *
    9    9                      ;*   Fall 2023                                                                        *
   10   10                      ;*                                                                                    *
   11   11                      ;* Revision History:                                                                  *
   12   12                      ;*   -                                                                                *
   13   13                      ;*                                                                                    *
   14   14                      ;* ToDo:                                                                              *
   15   15                      ;*   -                                                                                *
   16   16                      ;**************************************************************************************
   17   17                      
   18   18                      ;/------------------------------------------------------------------------------------\
   19   19                      ;| Include all associated files                                                       |
   20   20                      ;\------------------------------------------------------------------------------------/
   21   21                      ; The following are external files to be included during assembly
   22   22                      
   23   23                      
   24   24                      ;/------------------------------------------------------------------------------------\
   25   25                      ;| External Definitions                                                               |
   26   26                      ;\------------------------------------------------------------------------------------/
   27   27                      ; All labels that are referenced by the linker need an external definition
   28   28                      
   29   29                                    XDEF  main
   30   30                      
   31   31                      ;/------------------------------------------------------------------------------------\
   32   32                      ;| External References                                                                |
   33   33                      ;\------------------------------------------------------------------------------------/
   34   34                      ; All labels from other files must have an external reference
   35   35                      
   36   36                                    XREF ENABLE_MOTOR, DISABLE_MOTOR
   37   37                                    XREF STARTUP_MOTOR, UPDATE_MOTOR, CURRENT_MOTOR
   38   38                                    XREF STARTUP_PWM, STARTUP_ATD0, STARTUP_ATD1
   39   39                                    XREF OUTDACA, OUTDACB
   40   40                                    XREF STARTUP_ENCODER, READ_ENCODER
   41   41                                    XREF INITLCD, SETADDR, GETADDR, CURSOR_ON, CURSOR_OFF, DISP_OFF
   42   42                                    XREF OUTCHAR, OUTCHAR_AT, OUTSTRING, OUTSTRING_AT
   43   43                                    XREF INITKEY, LKEY_FLG, GETCHAR
   44   44                                    XREF LCDTEMPLATE, UPDATELCD_L1, UPDATELCD_L2
   45   45                                    XREF LVREF_BUF, LVACT_BUF, LERR_BUF,LEFF_BUF, LKP_BUF, LKI_BUF
   46   46                                    XREF Entry, ISR_KEYPAD
   47   47                                  
   48   48                      ;/------------------------------------------------------------------------------------\
   49   49                      ;| Assembler Equates                                                                  |
   50   50                      ;\------------------------------------------------------------------------------------/
   51   51                      ; Constant values can be equated here
   52   52                      
   53   53                      
   54   54                      
   55   55                      
   56   56                      
   57   57                      
   58   58                      ;/------------------------------------------------------------------------------------\
   59   59                      ;| Variables in RAM                                                                   |
   60   60                      ;\------------------------------------------------------------------------------------/
   61   61                      ; The following variables are located in unpaged ram
   62   62                      
   63   63                      DEFAULT_RAM:  SECTION
   64   64                      

Freescale HC12-Assembler 
(c) Copyright Freescale 1987-2010

 Abs. Rel.   Loc    Obj. code   Source line
 ---- ----   ------ ---------   -----------
   65   65                      
   66   66          0000 0040   TIOS EQU $0040
   67   67          0000 0049   TCTL2 EQU $0049
   68   68          0000 004E   TFLG1 EQU $004E
   69   69          0000 004C   TMSK1 EQU $004C
   70   70          0000 0046   TSCR  EQU $0046
   71   71          0000 0044   TCNTH EQU $0044
   72   72          0000 0050   TC0H  EQU $0050
   73   73                      
   74   74                      
   75   75   000000             INTERVAL DS.W 1
   76   76                      
   77   77                      
   78   78                      
   79   79                      
   80   80                      
   81   81                      ;/------------------------------------------------------------------------------------\
   82   82                      ;|  Main Program Code                                                                 |
   83   83                      ;\------------------------------------------------------------------------------------/
   84   84                      ; Your code goes here
   85   85                      
   86   86                      MyCode: SECTION
   87   87                      main:
   88   88   000000 1803 03E8   		   movw #$03E8, INTERVAL
             000004 xxxx       
   89   89                      		   
   90   90   000006 4C40 FF     		   bset TIOS, %11111111
   91   91   000009 4C49 01     		   bset TCTL2, %00000001  
   92   92   00000C 4C4E FF     		   bset TFLG1, %11111111
   93   93   00000F 10EF        		   cli
   94   94   000011 4C4C 01     		   bset TMSK1, #$01
   95   95   000014 4C46 A0     		   bset TSCR, %10100000
   96   96   000017 DC44        		   ldd TCNTH
   97   97   000019 F3xx xx     		   addd INTERVAL
   98   98   00001C 5C50        		   std TC0H
   99   99                      		   
  100  100                      		   
  101  101                      		   
  102  102                      		
  103  103                      	
  104  104                      		
  105  105                      spin: 
  106  106                         
  107  107   00001E 20FE            bra spin
  108  108                          
  109  109                              
  110  110                      ;/------------------------------------------------------------------------------------\
  111  111                      ;| Subroutines |
  112  112                      ;/------------------------------------------------------------------------------------/
  113  113                      ; Add subroutines here:
  114  114                      
  115  115                      isubrout:
  116  116                      
  117  117                              
  118  118   000020 DC50                ldd TC0H
  119  119   000022 F3xx xx             addd INTERVAL
  120  120   000025 5C50                std TC0H
  121  121   000027 4C4E FF             bset TFLG1, %11111111
  122  122                             
  123  123                              
  124  124   00002A 0B                  rti
  125  125                      ;/------------------------------------------------------------------------------------\
  126  126                      ;| Messages |
  127  127                      ;/------------------------------------------------------------------------------------/

Freescale HC12-Assembler 
(c) Copyright Freescale 1987-2010

 Abs. Rel.   Loc    Obj. code   Source line
 ---- ----   ------ ---------   -----------
  128  128                      ; Add ASCII messages here:
  129  129                      ;/------------------------------------------------------------------------------------\
  130  130                      ;| Vectors |
  131  131                      ;\------------------------------------------------------------------------------------/
  132  132                      ; Add interrupt and reset vectors here:
  133  133                              ORG $FFFE ; reset vector address
  134  134  a00FFFE xxxx                DC.W Entry
  135  135                              
  136  136                              ORG $FFEE
  137  137  a00FFEE xxxx                DC.W isubrout
  138  138                              
