
Freescale HC12-Assembler 
(c) Copyright Freescale 1987-2010

 Abs. Rel.   Loc    Obj. code   Source line
 ---- ----   ------ ---------   -----------
    1    1                      ;**************************************************************************************
    2    2                      ;* PS5 Main           [includes LibV2.2]                                              *
    3    3                      ;**************************************************************************************
    4    4                      ;* Summary:                                                                           *
    5    5                      ;*   PS5 Code                                                                         *
    6    6                      ;*                                                                                    *
    7    7                      ;* Author: Aiden Taylor                                                               *
    8    8                      ;*   Cal Poly University                                                              *
    9    9                      ;*   Fall   2023                                                                      *
   10   10                      ;*                                                                                    *
   11   11                      ;* Revision History:                                                                  *
   12   12                      ;*   -                                                                                *
   13   13                      ;*                                                                                    *
   14   14                      ;* ToDo:                                                                              *
   15   15                      ;*   -                                                                                *
   16   16                      ;**************************************************************************************
   17   17                      
   18   18                      ;/------------------------------------------------------------------------------------\
   19   19                      ;| Include all associated files                                                       |
   20   20                      ;\------------------------------------------------------------------------------------/
   21   21                      ; The following are external files to be included during assembly
   22   22                      
   23   23                      
   24   24                      ;/------------------------------------------------------------------------------------\
   25   25                      ;| External Definitions                                                               |
   26   26                      ;\------------------------------------------------------------------------------------/
   27   27                      ; All labels that are referenced by the linker need an external definition
   28   28                      
   29   29                                    XDEF  main
   30   30                      
   31   31                      ;/------------------------------------------------------------------------------------\
   32   32                      ;| External References                                                                |
   33   33                      ;\------------------------------------------------------------------------------------/
   34   34                      ; All labels from other files must have an external reference
   35   35                      
   36   36                                    XREF  ENABLE_MOTOR, DISABLE_MOTOR
   37   37                                    XREF  STARTUP_MOTOR, UPDATE_MOTOR, CURRENT_MOTOR
   38   38                                    XREF  STARTUP_PWM, STARTUP_ATD0, STARTUP_ATD1
   39   39                                    XREF  OUTDACA, OUTDACB
   40   40                                    XREF  STARTUP_ENCODER, READ_ENCODER
   41   41                                    XREF  INITLCD, SETADDR, GETADDR, CURSOR_ON, CURSOR_OFF, DISP_OFF
   42   42                                    XREF  OUTCHAR, OUTCHAR_AT, OUTSTRING, OUTSTRING_AT
   43   43                                    XREF  INITKEY, LKEY_FLG, GETCHAR
   44   44                                    XREF  LCDTEMPLATE, UPDATELCD_L1, UPDATELCD_L2
   45   45                                    XREF  LVREF_BUF, LVACT_BUF, LERR_BUF,LEFF_BUF, LKP_BUF, LKI_BUF
   46   46                                    XREF  Entry, ISR_KEYPAD
   47   47                                  
   48   48                      ;/------------------------------------------------------------------------------------\
   49   49                      ;| Assembler Equates                                                                  |
   50   50                      ;\------------------------------------------------------------------------------------/
   51   51                      ; Constant values can be equated here
   52   52                      
   53   53                      
   54   54                      
   55   55                      ;/------------------------------------------------------------------------------------\
   56   56                      ;| Variables in RAM                                                                   |
   57   57                      ;\------------------------------------------------------------------------------------/
   58   58                      ; The following variables are located in unpaged ram
   59   59                      
   60   60                      DEFAULT_RAM:  SECTION
   61   61                      
   62   62                      
   63   63                      
   64   64                      ;/------------------------------------------------------------------------------------\

Freescale HC12-Assembler 
(c) Copyright Freescale 1987-2010

 Abs. Rel.   Loc    Obj. code   Source line
 ---- ----   ------ ---------   -----------
   65   65                      ;|  Main Program Code                                                                 |
   66   66                      ;\------------------------------------------------------------------------------------/
   67   67                      ; Your code goes here
   68   68                      
   69   69                      MyCode:       SECTION
   70   70                      main:   
   71   71   000000 CC40 01             ldd #$4001
   72   72   000003 CD80 00             ldy #$8000
   73   73                              
   74   74                              
   75   75                      spin:   
   76   76   000006 00                  bgnd
   77   77   000007 16xx xx             jsr dbaddn
   78   78   00000A 20FA                bra   spin                     ; endless horizontal loop
   79   79                      
   80   80                      
   81   81                      ;/------------------------------------------------------------------------------------\
   82   82                      ;| Subroutines                                                                        |
   83   83                      ;\------------------------------------------------------------------------------------/
   84   84                      ; General purpose subroutines go here
   85   85                      
   86   86                      dbaddn:
   87   87   00000C 35                   pshy
   88   88   00000D E380                 addd sp
   89   89   00000F 2902                 bvs satu
   90   90                               
   91   91   000011 31                   puly
   92   92   000012 3D                   rts
   93   93                               
   94   94                      satu:             
   95   95   000013 18D7                 tsty
   96   96   000015 2D05                 blt satuneg
   97   97   000017 CC7F FF              ldd #$7FFF
   98   98                               
   99   99   00001A 31                   puly
  100  100   00001B 3D                   rts
  101  101                               
  102  102                      satuneg: 
  103  103   00001C CC80 00              ldd #$8000
  104  104                               
  105  105   00001F 31                   puly
  106  106   000020 3D                   rts
  107  107                      
  108  108                      ;/------------------------------------------------------------------------------------\
  109  109                      ;| ASCII Messages and Constant Data                                                   |
  110  110                      ;\------------------------------------------------------------------------------------/
  111  111                      ; Any constants can be defined here
  112  112                      
  113  113                      
  114  114                      ;/------------------------------------------------------------------------------------\
  115  115                      ;| Vectors                                                                            |
  116  116                      ;\------------------------------------------------------------------------------------/
  117  117                      ; Add interrupt and reset vectors here
  118  118                      
  119  119                              ORG   $FFFE                    ; reset vector address
  120  120  a00FFFE xxxx                DC.W  Entry
  121  121                      
