
Freescale HC12-Assembler 
(c) Copyright Freescale 1987-2010

 Abs. Rel.   Loc    Obj. code   Source line
 ---- ----   ------ ---------   -----------
    1    1                      ;**************************************************************************************
    2    2                      ;* PS 5 Main [includes LibV2.2]                                                       *
    3    3                      ;**************************************************************************************
    4    4                      ;* Summary:                                                                           *
    5    5                      ;*   -                                                                                *
    6    6                      ;*                                                                                    *
    7    7                      ;* Author: Julia Fay                                                                  *
    8    8                      ;*   Cal Poly University                                                              *
    9    9                      ;*   Fall 2023                                                                        *
   10   10                      ;*                                                                                    *
   11   11                      ;* Revision History:                                                                  *
   12   12                      ;*   -                                                                                *
   13   13                      ;*                                                                                    *
   14   14                      ;* ToDo:                                                                              *
   15   15                      ;*   -                                                                                *
   16   16                      ;**************************************************************************************
   17   17                      
   18   18                      ;/------------------------------------------------------------------------------------\
   19   19                      ;| Include all associated files                                                       |
   20   20                      ;\------------------------------------------------------------------------------------/
   21   21                      ; The following are external files to be included during assembly
   22   22                      
   23   23                      
   24   24                      ;/------------------------------------------------------------------------------------\
   25   25                      ;| External Definitions                                                               |
   26   26                      ;\------------------------------------------------------------------------------------/
   27   27                      ; All labels that are referenced by the linker need an external definition
   28   28                      
   29   29                                    XDEF  main
   30   30                      
   31   31                      ;/------------------------------------------------------------------------------------\
   32   32                      ;| External References                                                                |
   33   33                      ;\------------------------------------------------------------------------------------/
   34   34                      ; All labels from other files must have an external reference
   35   35                      
   36   36                                    XREF  ENABLE_MOTOR, DISABLE_MOTOR
   37   37                                    XREF  STARTUP_MOTOR, UPDATE_MOTOR, CURRENT_MOTOR
   38   38                                    XREF  STARTUP_PWM, STARTUP_ATD0, STARTUP_ATD1
   39   39                                    XREF  OUTDACA, OUTDACB
   40   40                                    XREF  STARTUP_ENCODER, READ_ENCODER
   41   41                                    XREF  INITLCD, SETADDR, GETADDR, CURSOR_ON, CURSOR_OFF, DISP_OFF
   42   42                                    XREF  OUTCHAR, OUTCHAR_AT, OUTSTRING, OUTSTRING_AT
   43   43                                    XREF  INITKEY, LKEY_FLG, GETCHAR
   44   44                                    XREF  LCDTEMPLATE, UPDATELCD_L1, UPDATELCD_L2
   45   45                                    XREF  LVREF_BUF, LVACT_BUF, LERR_BUF,LEFF_BUF, LKP_BUF, LKI_BUF
   46   46                                    XREF  Entry, ISR_KEYPAD
   47   47                                  
   48   48                      ;/------------------------------------------------------------------------------------\
   49   49                      ;| Assembler Equates                                                                  |
   50   50                      ;\------------------------------------------------------------------------------------/
   51   51                      ; Constant values can be equated here
   52   52                      
   53   53                      
   54   54                      
   55   55                      ;/------------------------------------------------------------------------------------\
   56   56                      ;| Variables in RAM                                                                   |
   57   57                      ;\------------------------------------------------------------------------------------/
   58   58                      ; The following variables are located in unpaged ram
   59   59                      
   60   60                      DEFAULT_RAM:  SECTION
   61   61                      
   62   62                      
   63   63                      
   64   64                      ;/------------------------------------------------------------------------------------\

Freescale HC12-Assembler 
(c) Copyright Freescale 1987-2010

 Abs. Rel.   Loc    Obj. code   Source line
 ---- ----   ------ ---------   -----------
   65   65                      ;|  Main Program Code                                                                 |
   66   66                      ;\------------------------------------------------------------------------------------/
   67   67                      ; Your code goes here
   68   68                      
   69   69                      MyCode:       SECTION
   70   70                      main:   
   71   71                              
   72   72                              
   73   73   000000 CC88 00            ldd #$8800
   74   74   000003 CD80 00            ldy #$8000
   75   75                      loop: 
   76   76   000006 00                 bgnd 
   77   77   000007 16xx xx            jsr sat_add 
   78   78                              
   79   79                              
   80   80                              
   81   81                              
   82   82                              
   83   83   00000A 20FA        spin:   bra   loop                    ; endless horizontal loop
   84   84                      
   85   85                      
   86   86                      ;/------------------------------------------------------------------------------------\
   87   87                      ;| Subroutines                                                                        |
   88   88                      ;\------------------------------------------------------------------------------------/
   89   89                      ; General purpose subroutines go here
   90   90                      
   91   91                       sat_add: 
   92   92                       
   93   93                       ;push registers to the stack to maintain them
   94   94                       
   95   95   00000C 34                 pshx 
   96   96                             
   97   97                       ;add the contents of d and y 
   98   98                       
   99   99   00000D E340               addd y 
  100  100                             
  101  101                       ;check if there is an overflow  and if its negative or positive 
  102  102                       ;if there is, saturate d with either -32,768 or 32,767 
  103  103                       ;if not, keep the results     
  104  104                       
  105  105   00000F 2808               bvc skip_overflow 
  106  106   000011 2A03               bpl skip_negative 
  107  107   000013 CC80 00            ldd #$8000        
  108  108                              
  109  109                       skip_negative: 
  110  110                                   
  111  111   000016 CC7F FF            ldd #$7FFF  
  112  112                      
  113  113                       ;restore the registers from the stack 
  114  114                       
  115  115                       skip_overflow: 
  116  116                       
  117  117   000019 30                  pulx  
  118  118   00001A 3D                  rts 
  119  119                      
  120  120                      
  121  121                      
  122  122                      ;/------------------------------------------------------------------------------------\
  123  123                      ;| ASCII Messages and Constant Data                                                   |
  124  124                      ;\------------------------------------------------------------------------------------/
  125  125                      ; Any constants can be defined here
  126  126                      
  127  127                      
  128  128                      ;/------------------------------------------------------------------------------------\

Freescale HC12-Assembler 
(c) Copyright Freescale 1987-2010

 Abs. Rel.   Loc    Obj. code   Source line
 ---- ----   ------ ---------   -----------
  129  129                      ;| Vectors                                                                            |
  130  130                      ;\------------------------------------------------------------------------------------/
  131  131                      ; Add interrupt and reset vectors here
  132  132                      
  133  133                              ORG   $FFFE                    ; reset vector address
  134  134  a00FFFE xxxx                DC.W  Entry
  135  135                      
